<?xml version="1.0" encoding="UTF-8"?>
<!-- Generated by org.testng.reporters.JUnitReportReporter -->
<testsuite skipped="0" hostname="barshamahesh" name="test" tests="1" failures="0" timestamp="2022-08-23T20:17:44 GST" time="0.007" errors="0">
  <testcase name="testmethod" time="0.007" classname="test"/>
  <system-out/>
</testsuite> <!-- test -->
